# JRE version: OpenJDK Runtime Environment (11.0.7+10) (build 11.0.7+10-LTS)
# Java VM: OpenJDK 64-Bit Server VM (11.0.7+10-LTS, mixed mode, tiered, compressed oops, g1 gc, windows-amd64)
Heap:
 garbage-first heap   total 315392K, used 16617K [0x0000000701800000, 0x0000000800000000)
  region size 1024K, 10 young (10240K), 10 survivors (10240K)
 Metaspace       used 34931K, capacity 35872K, committed 35888K, reserved 1081344K
  class space    used 4327K, capacity 4726K, committed 4736K, reserved 1048576K
GC Heap History (9 events):
Event: 0.493 GC heap before
{Heap before GC invocations=0 (full 0):
 garbage-first heap   total 262144K, used 23552K [0x0000000701800000, 0x0000000800000000)
  region size 1024K, 24 young (24576K), 0 survivors (0K)
 Metaspace       used 10540K, capacity 10805K, committed 10880K, reserved 1058816K
  class space    used 1045K, capacity 1137K, committed 1152K, reserved 1048576K
}
Event: 0.496 GC heap after
{Heap after GC invocations=1 (full 0):
 garbage-first heap   total 262144K, used 6460K [0x0000000701800000, 0x0000000800000000)
  region size 1024K, 3 young (3072K), 3 survivors (3072K)
 Metaspace       used 10540K, capacity 10805K, committed 10880K, reserved 1058816K
  class space    used 1045K, capacity 1137K, committed 1152K, reserved 1048576K
}
Event: 0.978 GC heap before
{Heap before GC invocations=1 (full 0):
 garbage-first heap   total 262144K, used 58684K [0x0000000701800000, 0x0000000800000000)
  region size 1024K, 55 young (56320K), 3 survivors (3072K)
 Metaspace       used 20720K, capacity 21190K, committed 21296K, reserved 1069056K
  class space    used 2440K, capacity 2638K, committed 2688K, reserved 1048576K
}
Event: 0.983 GC heap after
{Heap after GC invocations=2 (full 0):
 garbage-first heap   total 262144K, used 9032K [0x0000000701800000, 0x0000000800000000)
  region size 1024K, 6 young (6144K), 6 survivors (6144K)
 Metaspace       used 20720K, capacity 21190K, committed 21296K, reserved 1069056K
  class space    used 2440K, capacity 2638K, committed 2688K, reserved 1048576K
}
Event: 1.622 GC heap before
{Heap before GC invocations=3 (full 0):
 garbage-first heap   total 262144K, used 67400K [0x0000000701800000, 0x0000000800000000)
  region size 1024K, 63 young (64512K), 6 survivors (6144K)
 Metaspace       used 25467K, capacity 26089K, committed 26416K, reserved 1073152K
  class space    used 3096K, capacity 3352K, committed 3456K, reserved 1048576K
}
Event: 1.627 GC heap after
{Heap after GC invocations=4 (full 0):
 garbage-first heap   total 262144K, used 11497K [0x0000000701800000, 0x0000000800000000)
  region size 1024K, 5 young (5120K), 5 survivors (5120K)
 Metaspace       used 25467K, capacity 26089K, committed 26416K, reserved 1073152K
  class space    used 3096K, capacity 3352K, committed 3456K, reserved 1048576K
}
Event: 1.868 GC heap before
{Heap before GC invocations=4 (full 0):
 garbage-first heap   total 262144K, used 102633K [0x0000000701800000, 0x0000000800000000)
  region size 1024K, 94 young (96256K), 5 survivors (5120K)
 Metaspace       used 27051K, capacity 27704K, committed 27952K, reserved 1073152K
  class space    used 3340K, capacity 3605K, committed 3712K, reserved 1048576K
}
Event: 1.873 GC heap after
{Heap after GC invocations=5 (full 0):
 garbage-first heap   total 262144K, used 12372K [0x0000000701800000, 0x0000000800000000)
  region size 1024K, 6 young (6144K), 6 survivors (6144K)
 Metaspace       used 27051K, capacity 27704K, committed 27952K, reserved 1073152K
  class space    used 3340K, capacity 3605K, committed 3712K, reserved 1048576K
}
Event: 2.726 GC heap before
{Heap before GC invocations=5 (full 0):
 garbage-first heap   total 262144K, used 96340K [0x0000000701800000, 0x0000000800000000)
  region size 1024K, 89 young (91136K), 6 survivors (6144K)
 Metaspace       used 34931K, capacity 35872K, committed 35888K, reserved 1081344K
  class space    used 4327K, capacity 4726K, committed 4736K, reserved 1048576K
}

